*ERROR* 	2017/11/13 - 13:21:36: You have an error in your SQL syntax; check the manual that corresponds to your MySQL server version for the right syntax to use near '.`id_group`
			FROM ps_cms_group cg ps_ cms c
			WHERE cg.`id_cms` = c.`id_cms' at line 1<br /><br /><pre>
			SELECT DISCTINCT cg.`id_group`
			FROM ps_cms_group cg ps_ cms c
			WHERE cg.`id_cms` = c.`id_cms` and c.`id_cms_category` = 4</pre> at line 835 in file classes/db/Db.php
*ERROR* 	2017/11/13 - 13:22:39: You have an error in your SQL syntax; check the manual that corresponds to your MySQL server version for the right syntax to use near '.`id_group`
			FROM ps_cms_group cg, ps_ cms c
			WHERE cg.`id_cms` = c.`id_cm' at line 1<br /><br /><pre>
			SELECT DISCTINCT cg.`id_group`
			FROM ps_cms_group cg, ps_ cms c
			WHERE cg.`id_cms` = c.`id_cms` and c.`id_cms_category` = 4</pre> at line 835 in file classes/db/Db.php
*ERROR* 	2017/11/13 - 13:22:58: You have an error in your SQL syntax; check the manual that corresponds to your MySQL server version for the right syntax to use near 'c
			WHERE cg.`id_cms` = c.`id_cms` and c.`id_cms_category` = 4' at line 2<br /><br /><pre>
			SELECT DISTINCT cg.`id_group`
			FROM ps_cms_group cg, ps_ cms c
			WHERE cg.`id_cms` = c.`id_cms` and c.`id_cms_category` = 4</pre> at line 835 in file classes/db/Db.php
*ERROR* 	2017/11/13 - 15:04:47: You have an error in your SQL syntax; check the manual that corresponds to your MySQL server version for the right syntax to use near 'AND c.id_cms in (SELECT id_cms from ps_cms_group where id_group in (1,5 and id_c' at line 5<br /><br /><pre>SELECT *
FROM `ps_cms` c
INNER JOIN `ps_cms_lang` l ON c.id_cms = l.id_cms AND l.id_lang = 1 AND l.id_shop = 1
INNER JOIN `ps_cms_shop` cs ON c.id_cms = cs.id_cms AND cs.id_shop = 1
WHERE (c.active = 1) AND (c.id_cms_category = 4) AND ( AND c.id_cms in (SELECT id_cms from ps_cms_group where id_group in (1,5 and id_cms = c.id_cms))
ORDER BY position
</pre> at line 835 in file classes/db/Db.php
*ERROR* 	2017/11/13 - 15:05:10: You have an error in your SQL syntax; check the manual that corresponds to your MySQL server version for the right syntax to use near 'ORDER BY position' at line 6<br /><br /><pre>SELECT *
FROM `ps_cms` c
INNER JOIN `ps_cms_lang` l ON c.id_cms = l.id_cms AND l.id_lang = 1 AND l.id_shop = 1
INNER JOIN `ps_cms_shop` cs ON c.id_cms = cs.id_cms AND cs.id_shop = 1
WHERE (c.active = 1) AND (c.id_cms_category = 4) AND ( c.id_cms in (SELECT id_cms from ps_cms_group where id_group in (1,5 and id_cms = c.id_cms))
ORDER BY position
</pre> at line 835 in file classes/db/Db.php
